[-0.0907832598733759, -0.0017701620084667985, -0.001770162008466798, -0.0017701620084667978, -0.0017701620084667976, -0.09078325987337595, -0.09078325987337593, -0.09078325987337593, -0.0017701620084667985, -0.0017701620084667976, -0.1821781152158904, -0.09078325987337593, -0.09078325987337595, -0.09078325987337595, -0.0017701620084667976, -0.09078325987337593, -0.09078325987337592, -0.0017701620084667985, -0.2764993355948005, -0.0907832598733759, -0.09078325987337597, -0.0017701620084667976, -0.09078325987337595, -0.0017701620084667976, -0.001770162008466798, -0.0017701620084667985, -0.09078325987337593, -0.0017701620084667976, -0.001770162008466798, -0.09078325987337593, -0.09078325987337595, -0.09078325987337592, -0.0017701620084667976, -0.001770162008466798, -0.09078325987337595, -0.0017701620084667983, -0.2764993355948005, -0.09078325987337593, -0.001770162008466798, -0.0017701620084667976, -0.0907832598733759, -0.0017701620084667976, -0.09078325987337593, -0.09078325987337595, -0.09078325987337593, -0.0017701620084667978, -0.09078325987337595, -0.0017701620084667985, -0.09078325987337595, -0.0017701620084667976, -0.09078325987337593, -0.001770162008466798, -0.0017701620084667976, -0.2764993355948005, -0.0907832598733759, -0.09078325987337593, -0.0017701620084667976, -0.0017701620084667985, -0.0017701620084667976, -0.001770162008466798, -0.09078325987337595, -0.09078325987337596, -0.0017701620084667976, -0.18217811521589042, -0.0017701620084667985, -0.0017701620084667978, -0.09078325987337592, -0.001770162008466798, -0.09078325987337595, -0.09078325987337593, -0.09078325987337596, -0.0017701620084667978, -0.0017701620084667976, -0.09078325987337592, -0.09078325987337593, -0.001770162008466798, -0.1821781152158904, -0.1821781152158904, -0.001770162008466798, -0.09078325987337593, -0.0017701620084667976, -0.001770162008466798, -0.09078325987337593, -0.09078325987337593, -0.0907832598733759, -0.001770162008466798, -0.18217811521589042, -0.0017701620084667976, -0.0017701620084667983, -0.0017701620084667976, -0.0017701620084667976, -0.09078325987337592, -0.001770162008466798, -0.09078325987337596, -0.09078325987337592, -0.0017701620084667976, -0.0017701620084667978, -0.0017701620084667978, -0.0017701620084667976, -0.001770162008466798]
------------------------------------
Average HF: 8.16660430883
Average CCD: -0.0564179359797
Average MP2: -0.0450427162613
Average total MP2: 8.12156159257
Average total CCD: 8.11018637285
------------------------------------
------------------------------------
HF twist: ['8.8912725448608398E-002', '0.35798120498657227', '-0.40848016738891602']
CCD twist: ['0.17663645744323730', '-0.26898837089538574', '0.11373567581176758']
MP2 twist: ['0.27191019058227539', '-4.3644905090332031E-003', '-0.35049772262573242']
Total CCD twist: ['0.42987251281738281', '-0.13085412979125977', '-0.26457405090332031']
Total MP2 twist: ['0.42987251281738281', '-0.13085412979125977', '-0.26457405090332031']
------------------------------------
------------------------------------
Closest HF: (27, 8.173704754399605)
HF at CCD index: 9.076387143050269
HF at MP2 index: 8.843020871797872
HF at total CCD index: 8.078094523274128
HF at total MP2 index: 8.078094523274128
Closest HF for MP2 agrement: 8.425143432916602
------------------------------------
------------------------------------
Closest CCD: (0, -0.0907832598733759)
CCD at HF index: -0.0017701620084667976
CCD at MP2 index: -0.0907832598733759
CCD at total CCD index: -0.0017701620084667978
CCD at total MP2 index: -0.0017701620084667978
------------------------------------
------------------------------------
Closest MP2: (19, -0.07061972956237052)
MP2 at HF index: -0.0014496950303574832
MP2 at CCD index: -0.07061972956237055
MP2 at total CCD index: -0.0014496950303574832
MP2 at total MP2 index: -0.0014496950303574832
------------------------------------
------------------------------------
Closest total CCD: (96, 8.0763243612656606)
------------------------------------
Closest total MP2: (96, 8.0766448282437704)
------------------------------------
------------------------------------
This is connectivity code: 0.17663645744323730      -0.26898837089538574       0.11373567581176758
